*** Starting uWSGI 2.0.16 (64bit) on [Thu Feb 22 17:10:18 2018] ***
compiled with version: 5.4.0 20160609 on 22 February 2018 06:35:13
os: Linux-4.4.0-31-generic #50-Ubuntu SMP Wed Jul 13 00:07:12 UTC 2016
nodename: ubuntu
machine: x86_64
clock source: unix
pcre jit disabled
detected number of CPU cores: 1
current working directory: /home/python/Desktop/python/alex/AA/dailyfresh
writing pidfile to uwsgi2.pid
detected binary path: /home/python/.virtualenvs/Django_python3/bin/uwsgi
dropping root privileges as early as possible
chdir() to /home/python/Desktop/python/alex/AA/dailyfresh
your processes number limit is 11807
your memory page size is 4096 bytes
detected max file descriptor number: 1048576
lock engine: pthread robust mutexes
thunder lock: disabled (you can enable it with --thunder-lock)
uwsgi socket 0 bound to TCP address 192.168.115.134:8082 fd 3
dropping root privileges after socket binding
Python version: 3.5.2 (default, Nov 23 2017, 16:37:01)  [GCC 5.4.0 20160609]
Set PythonHome to /home/python/.virtualenvs/Django_python3
Python main interpreter initialized at 0x850470
dropping root privileges after plugin initialization
python threads support enabled
your server socket listen backlog is limited to 100 connections
your mercy for graceful operations on workers is 60 seconds
mapped 416880 bytes (407 KB) for 8 cores
*** Operational MODE: preforking+threaded ***
WSGI app 0 (mountpoint='') ready in 1 seconds on interpreter 0x850470 pid: 36270 (default app)
dropping root privileges after application loading
*** uWSGI is running in multiple interpreter mode ***
spawned uWSGI master process (pid: 36270)
spawned uWSGI worker 1 (pid: 36272, cores: 2)
spawned uWSGI worker 2 (pid: 36273, cores: 2)
spawned uWSGI worker 3 (pid: 36274, cores: 2)
spawned uWSGI worker 4 (pid: 36275, cores: 2)
[pid: 36274|app: 0|req: 1/1] 192.168.115.1 () {40 vars in 768 bytes} [Thu Feb 22 17:10:48 2018] GET /index => generated 18224 bytes in 3417 msecs (HTTP/1.1 200) 3 headers in 102 bytes (1 switches on core 0)
SIGINT/SIGQUIT received...killing workers...
worker 1 buried after 1 seconds
worker 2 buried after 1 seconds
worker 3 buried after 1 seconds
worker 4 buried after 1 seconds
goodbye to uWSGI.
